[03-20 08:05:24] INFO  GPS_DEBUG: 42.960598,1.371114,2.17,2.7,0.37,42.960602,1.371112,0.4
[03-20 08:05:35] INFO  GPS_DEBUG: 42.960587,1.371108,2.72,1.7,0.58,42.960594,1.371110,0.9
[03-20 08:05:43] INFO  GPS_DEBUG: 42.960571,1.371101,1.52,1.7,0.58,42.960579,1.371104,0.9
[03-20 08:05:43] INFO  GPS_DEBUG: 42.960571,1.371101,1.52,1.7,0.58,42.960575,1.371102,0.4
[03-20 08:05:45] INFO  GPS_DEBUG: 42.960567,1.371105,3.06,1.5,0.67,42.960571,1.371104,0.4
[03-20 08:05:47] INFO  GPS_DEBUG: 42.960564,1.371108,3.46,2.7,0.37,42.960567,1.371105,0.5
[03-20 08:05:50] INFO  GPS_DEBUG: 42.960560,1.371104,1.50,2.7,0.37,42.960564,1.371105,0.4
[03-20 08:05:51] INFO  GPS_DEBUG: 42.960571,1.371094,3.15,1.7,0.58,42.960567,1.371099,0.6
[03-20 08:05:51] INFO  GPS_DEBUG: 42.960571,1.371094,3.15,1.7,0.58,42.960571,1.371096,0.1
[03-20 08:05:53] INFO  GPS_DEBUG: 42.960583,1.371085,1.56,1.7,0.58,42.960579,1.371090,0.6
[03-20 08:05:54] INFO  GPS_DEBUG: 42.960594,1.371084,2.48,1.7,0.58,42.960587,1.371086,0.9
[03-20 08:05:54] INFO  GPS_DEBUG: 42.960594,1.371084,2.48,1.7,0.58,42.960590,1.371085,0.4
[03-20 08:05:55] INFO  GPS_DEBUG: 42.960606,1.371080,2.85,1.7,0.58,42.960598,1.371082,0.9
[03-20 08:05:56] INFO  GPS_DEBUG: 42.960609,1.371075,2.15,1.7,0.58,42.960606,1.371078,0.5
[03-20 08:05:57] INFO  GPS_DEBUG: 42.960621,1.371071,3.06,1.7,0.58,42.960613,1.371074,0.9
[03-20 08:05:58] INFO  GPS_DEBUG: 42.960625,1.371067,2.74,1.7,0.58,42.960621,1.371070,0.5
[03-20 08:05:59] INFO  GPS_DEBUG: 42.960632,1.371063,3.00,1.7,0.58,42.960629,1.371066,0.5
[03-20 08:06:02] INFO  GPS_DEBUG: 42.960625,1.371043,3.04,1.7,0.58,42.960625,1.371053,0.8
[03-20 08:06:02] INFO  GPS_DEBUG: 42.960625,1.371043,3.04,1.7,0.58,42.960625,1.371047,0.3
[03-20 08:06:03] INFO  GPS_DEBUG: 42.960629,1.371037,4.15,1.7,0.58,42.960629,1.371041,0.3
[03-20 08:06:04] INFO  GPS_DEBUG: 42.960636,1.371034,2.43,1.7,0.58,42.960632,1.371037,0.5
[03-20 08:06:05] INFO  GPS_DEBUG: 42.960640,1.371031,2.13,2.7,0.37,42.960636,1.371035,0.5
[03-20 08:06:06] INFO  GPS_DEBUG: 42.960648,1.371028,2.07,2.7,0.37,42.960640,1.371032,0.9
[03-20 08:06:08] INFO  GPS_DEBUG: 42.960659,1.371028,2.96,2.7,0.37,42.960648,1.371031,1.3
[03-20 08:06:09] INFO  GPS_DEBUG: 42.960670,1.371024,4.74,2.7,0.37,42.960655,1.371028,1.7
[03-20 08:06:09] INFO  GPS_DEBUG: 42.960670,1.371024,4.74,2.7,0.37,42.960659,1.371027,1.3
[03-20 08:06:10] INFO  GPS_DEBUG: 42.960682,1.371026,3.04,2.7,0.37,42.960667,1.371027,1.7
[03-20 08:06:11] INFO  GPS_DEBUG: 42.960697,1.371029,3.26,2.7,0.37,42.960678,1.371027,2.1
[03-20 08:06:12] INFO  GPS_DEBUG: 42.960709,1.371031,2.61,2.7,0.37,42.960690,1.371029,2.1
[03-20 08:06:13] INFO  GPS_DEBUG: 42.960728,1.371035,4.02,2.7,0.37,42.960705,1.371031,2.6
[03-20 08:06:14] INFO  GPS_DEBUG: 42.960751,1.371037,5.67,1.7,0.58,42.960732,1.371035,2.1
[03-20 08:06:14] INFO  GPS_DEBUG: 42.960751,1.371037,5.67,1.7,0.58,42.960743,1.371036,0.9
[03-20 08:06:15] INFO  GPS_DEBUG: 42.960766,1.371036,5.78,2.7,0.37,42.960751,1.371036,1.7
[03-20 08:06:16] INFO  GPS_DEBUG: 42.960777,1.371038,4.32,1.7,0.58,42.960766,1.371037,1.3
[03-20 08:06:17] INFO  GPS_DEBUG: 42.960773,1.371039,2.30,1.7,0.58,42.960770,1.371038,0.4
[03-20 08:06:18] INFO  GPS_DEBUG: 42.960781,1.371042,2.41,1.7,0.58,42.960777,1.371040,0.4
[03-20 08:06:19] INFO  GPS_DEBUG: 42.960789,1.371037,5.19,1.7,0.58,42.960785,1.371039,0.4
[03-20 08:06:19] INFO  GPS_DEBUG: 42.960789,1.371037,5.19,1.7,0.58,42.960789,1.371038,0.0
[03-20 08:06:20] INFO  GPS_DEBUG: 42.960793,1.371035,3.46,1.7,0.58,42.960793,1.371036,0.1
[03-20 08:06:22] INFO  GPS_DEBUG: 42.960785,1.371047,2.48,1.7,0.58,42.960789,1.371042,0.5
[03-20 08:06:23] INFO  GPS_DEBUG: 42.960793,1.371047,2.52,1.7,0.58,42.960793,1.371045,0.2
[03-20 08:06:23] INFO  GPS_DEBUG: 42.960793,1.371047,2.52,1.7,0.58,42.960793,1.371046,0.1
[03-20 08:06:24] INFO  GPS_DEBUG: 42.960793,1.371058,2.80,1.7,0.58,42.960793,1.371053,0.4
[03-20 08:06:25] INFO  GPS_DEBUG: 42.960785,1.371068,2.56,2.7,0.37,42.960789,1.371059,0.9
[03-20 08:06:26] INFO  GPS_DEBUG: 42.960793,1.371070,1.56,1.7,0.58,42.960793,1.371065,0.4
[03-20 08:06:27] INFO  GPS_DEBUG: 42.960804,1.371078,1.96,2.4,0.43,42.960796,1.371071,1.1
[03-20 08:06:27] INFO  GPS_DEBUG: 42.960804,1.371078,1.96,2.4,0.43,42.960800,1.371074,0.6
[03-20 08:06:28] INFO  GPS_DEBUG: 42.960827,1.371084,3.61,1.5,0.66,42.960819,1.371081,0.9
[03-20 08:06:29] INFO  GPS_DEBUG: 42.960850,1.371093,4.44,1.5,0.66,42.960838,1.371089,1.3
[03-20 08:06:30] INFO  GPS_DEBUG: 42.960861,1.371099,4.13,1.5,0.66,42.960854,1.371096,0.9
[03-20 08:06:31] INFO  GPS_DEBUG: 42.960861,1.371099,4.46,1.5,0.66,42.960857,1.371098,0.4
[03-20 08:06:32] INFO  GPS_DEBUG: 42.960835,1.371108,3.76,1.7,0.58,42.960846,1.371104,1.3
[03-20 08:06:32] INFO  GPS_DEBUG: 42.960835,1.371108,3.76,1.7,0.58,42.960838,1.371106,0.4
[03-20 08:06:33] INFO  GPS_DEBUG: 42.960819,1.371115,3.13,1.7,0.58,42.960827,1.371111,0.9
[03-20 08:06:34] INFO  GPS_DEBUG: 42.960812,1.371115,2.17,1.7,0.58,42.960819,1.371114,0.9
[03-20 08:06:36] INFO  GPS_DEBUG: 42.960789,1.371117,2.39,1.7,0.58,42.960800,1.371116,1.3
[03-20 08:06:36] INFO  GPS_DEBUG: 42.960789,1.371117,2.39,1.7,0.58,42.960793,1.371117,0.4
[03-20 08:06:38] INFO  GPS_DEBUG: 42.960804,1.371115,7.37,1.7,0.58,42.960800,1.371116,0.4
[03-20 08:06:39] INFO  GPS_DEBUG: 42.960804,1.371111,3.61,1.7,0.58,42.960804,1.371113,0.2
[03-20 08:06:39] INFO  GPS_DEBUG: 42.960804,1.371111,3.61,1.7,0.58,42.960804,1.371112,0.1
[03-20 08:06:42] INFO  GPS_DEBUG: 42.960762,1.371122,2.63,1.7,0.58,42.960781,1.371117,2.2
[03-20 08:06:44] INFO  GPS_DEBUG: 42.960751,1.371121,2.89,2.1,0.48,42.960766,1.371119,1.7
[03-20 08:06:44] INFO  GPS_DEBUG: 42.960751,1.371121,2.89,2.1,0.48,42.960758,1.371120,0.9
[03-20 08:06:46] INFO  GPS_DEBUG: 42.960724,1.371119,1.57,2.1,0.48,42.960743,1.371120,2.1
[03-20 08:06:49] INFO  GPS_DEBUG: 42.960697,1.371120,3.22,2.1,0.48,42.960720,1.371120,2.5
[03-20 08:06:49] INFO  GPS_DEBUG: 42.960697,1.371120,3.22,4.3,0.23,42.960716,1.371120,2.1
[03-20 08:06:55] INFO  GPS_DEBUG: 42.960663,1.371119,1.67,4.2,0.24,42.960705,1.371120,4.7
[03-20 08:07:00] INFO  GPS_DEBUG: 42.960648,1.371122,1.70,4.2,0.24,42.960690,1.371120,4.7
[03-20 08:07:01] INFO  GPS_DEBUG: 42.960644,1.371121,1.85,4.2,0.24,42.960678,1.371120,3.8
[03-20 08:07:17] INFO  GPS_DEBUG: 42.960606,1.371160,1.52,1.7,0.57,42.960636,1.371143,3.7
[03-20 08:07:34] INFO  GPS_DEBUG: 42.960579,1.371203,1.50,1.7,0.57,42.960602,1.371178,3.3
[03-20 08:07:35] INFO  GPS_DEBUG: 42.960571,1.371203,1.59,1.7,0.57,42.960583,1.371192,1.5
[03-20 08:07:36] INFO  GPS_DEBUG: 42.960564,1.371204,1.72,1.7,0.57,42.960571,1.371199,0.9
[03-20 08:07:36] INFO  GPS_DEBUG: 42.960564,1.371204,1.72,1.7,0.57,42.960567,1.371202,0.5
[03-20 08:07:37] INFO  GPS_DEBUG: 42.960556,1.371204,1.70,1.7,0.57,42.960560,1.371203,0.4
[03-20 08:07:38] INFO  GPS_DEBUG: 42.960548,1.371203,1.83,1.7,0.57,42.960552,1.371203,0.4
[03-20 08:07:39] INFO  GPS_DEBUG: 42.960545,1.371203,1.70,1.7,0.57,42.960548,1.371203,0.4
[03-20 08:07:40] INFO  GPS_DEBUG: 42.960545,1.371202,1.78,1.7,0.57,42.960545,1.371202,0.0
[03-20 08:07:41] INFO  GPS_DEBUG: 42.960541,1.371203,1.67,1.7,0.57,42.960541,1.371203,0.0
[03-20 08:07:46] INFO  GPS_DEBUG: 42.960529,1.371211,1.80,1.7,0.57,42.960533,1.371207,0.5
[03-20 08:07:47] INFO  GPS_DEBUG: 42.960526,1.371212,1.74,1.7,0.57,42.960529,1.371210,0.5
[03-20 08:07:48] INFO  GPS_DEBUG: 42.960522,1.371211,1.67,1.7,0.57,42.960526,1.371211,0.4
[03-20 08:07:48] INFO  GPS_DEBUG: 42.960522,1.371211,1.67,3.9,0.26,42.960526,1.371211,0.4
[03-20 08:09:38] INFO  GPS_DEBUG: 42.960575,1.371029,1.63,2.1,0.47,42.960548,1.371125,8.3
[03-20 08:10:18] INFO  LOOP: Heartbeat - Free heap: 93 KB
[03-20 08:10:39] INFO  GPS_DEBUG: 42.960609,1.371087,2.54,4.9,0.21,42.960560,1.371117,6.0
[03-20 08:10:39] INFO  GPS_DEBUG: 42.960609,1.371087,2.54,4.9,0.21,42.960571,1.371111,4.7
[03-20 08:10:43] INFO  GPS_DEBUG: 42.960609,1.371060,3.41,2.9,0.35,42.960583,1.371093,4.0
[03-20 08:10:44] INFO  GPS_DEBUG: 42.960609,1.371068,3.67,2.9,0.35,42.960590,1.371084,2.5
[03-20 08:10:45] INFO  GPS_DEBUG: 42.960606,1.371044,4.30,2.9,0.35,42.960594,1.371070,2.5
[03-20 08:10:45] INFO  GPS_DEBUG: 42.960606,1.371044,4.30,4.9,0.21,42.960598,1.371065,1.9
[03-20 08:10:46] INFO  GPS_DEBUG: 42.960609,1.371033,5.07,4.9,0.21,42.960602,1.371058,2.2
[03-20 08:10:48] INFO  GPS_DEBUG: 42.960609,1.371027,3.69,4.8,0.21,42.960602,1.371052,2.2
[03-20 08:10:48] INFO  GPS_DEBUG: 42.960609,1.371027,3.69,4.8,0.21,42.960602,1.371047,1.8
[03-20 08:10:49] INFO  GPS_DEBUG: 42.960613,1.371038,2.98,4.8,0.21,42.960606,1.371045,1.0
[03-20 08:10:50] INFO  GPS_DEBUG: 42.960609,1.371018,4.63,4.8,0.21,42.960606,1.371040,1.8
[03-20 08:10:51] INFO  GPS_DEBUG: 42.960609,1.371012,3.39,4.8,0.21,42.960606,1.371034,1.8
[03-20 08:10:54] INFO  GPS_DEBUG: 42.960602,1.370992,2.61,2.9,0.35,42.960606,1.371019,2.3
[03-20 08:10:55] INFO  GPS_DEBUG: 42.960598,1.370985,1.76,2.9,0.35,42.960602,1.371008,1.9
[03-20 08:10:55] INFO  GPS_DEBUG: 42.960598,1.370985,1.76,2.9,0.35,42.960602,1.371000,1.2
[03-20 08:10:56] INFO  GPS_DEBUG: 42.960602,1.370982,4.26,2.9,0.35,42.960602,1.370994,0.9
[03-20 08:10:57] INFO  GPS_DEBUG: 42.960606,1.370969,3.52,2.9,0.35,42.960602,1.370985,1.4
[03-20 08:10:58] INFO  GPS_DEBUG: 42.960609,1.370988,2.06,2.9,0.35,42.960606,1.370986,0.5
[03-20 08:10:59] INFO  GPS_DEBUG: 42.960609,1.370991,1.57,2.9,0.35,42.960606,1.370988,0.5
[03-20 08:11:00] INFO  GPS_DEBUG: 42.960613,1.370988,2.85,2.9,0.35,42.960609,1.370988,0.4
[03-20 08:11:00] INFO  GPS_DEBUG: 42.960613,1.370988,2.85,2.9,0.35,42.960609,1.370988,0.4
[03-20 08:11:01] INFO  GPS_DEBUG: 42.960613,1.370987,1.89,2.9,0.35,42.960609,1.370988,0.4
[03-20 08:11:03] INFO  GPS_DEBUG: 42.960613,1.371006,1.67,2.9,0.35,42.960609,1.370994,1.1
[03-20 08:11:03] INFO  GPS_DEBUG: 42.960613,1.371006,1.67,2.9,0.35,42.960609,1.370999,0.8
[03-20 08:11:04] INFO  GPS_DEBUG: 42.960613,1.371011,2.09,2.9,0.35,42.960609,1.371003,0.8
[03-20 08:11:07] INFO  GPS_DEBUG: 42.960617,1.371008,2.13,2.9,0.35,42.960613,1.371005,0.5
[03-20 08:11:07] INFO  GPS_DEBUG: 42.960617,1.371008,2.13,2.9,0.35,42.960613,1.371006,0.5
[03-20 08:11:08] INFO  GPS_DEBUG: 42.960613,1.370997,2.67,2.9,0.35,42.960613,1.371003,0.5
[03-20 08:11:10] INFO  GPS_DEBUG: 42.960606,1.370999,2.22,2.9,0.35,42.960609,1.371002,0.5
[03-20 08:11:11] INFO  GPS_DEBUG: 42.960606,1.370999,1.87,2.9,0.35,42.960609,1.371001,0.4
[03-20 08:11:11] INFO  GPS_DEBUG: 42.960606,1.370999,1.87,2.9,0.35,42.960609,1.371000,0.4
[03-20 08:11:12] INFO  GPS_DEBUG: 42.960606,1.370982,2.98,2.9,0.35,42.960609,1.370994,1.0
[03-20 08:11:14] INFO  GPS_DEBUG: 42.960609,1.371017,2.20,2.9,0.35,42.960609,1.371002,1.2
[03-20 08:11:17] INFO  GPS_DEBUG: 42.960609,1.370991,2.31,2.9,0.35,42.960609,1.370998,0.6
[03-20 08:11:17] INFO  GPS_DEBUG: 42.960609,1.370991,2.31,2.9,0.35,42.960609,1.370996,0.4
[03-20 08:11:25] INFO  GPS_DEBUG: 42.960617,1.371025,1.85,2.9,0.35,42.960613,1.371006,1.6
[03-20 08:11:26] INFO  GPS_DEBUG: 42.960617,1.371029,2.09,2.9,0.35,42.960613,1.371014,1.3
[03-20 08:11:32] INFO  GPS_DEBUG: 42.960609,1.371019,3.65,2.9,0.35,42.960613,1.371016,0.5
[03-20 08:11:33] INFO  GPS_DEBUG: 42.960613,1.371022,2.96,2.9,0.35,42.960613,1.371018,0.3
[03-20 08:11:33] INFO  GPS_DEBUG: 42.960613,1.371022,2.96,2.9,0.35,42.960613,1.371019,0.2
[03-20 08:11:34] INFO  GPS_DEBUG: 42.960609,1.371017,1.56,2.9,0.35,42.960613,1.371019,0.4
[03-20 08:11:35] INFO  GPS_DEBUG: 42.960621,1.371043,4.61,2.9,0.35,42.960617,1.371027,1.4
[03-20 08:11:38] INFO  GPS_DEBUG: 42.960621,1.371016,1.61,2.9,0.35,42.960617,1.371023,0.7
[03-20 08:11:51] INFO  GPS_DEBUG: 42.960636,1.371101,2.31,2.9,0.35,42.960625,1.371050,4.3
[03-20 08:11:51] INFO  GPS_DEBUG: 42.960636,1.371101,2.31,2.9,0.35,42.960629,1.371068,2.8
[+000:00:04.236] INFO  BOOT: ==================== BOOT START ====================
[+000:00:04.253] INFO  BOOT: Reset reason: PANIC
[+000:00:04.274] INFO  BOOT: Free heap: 135 KB
[+000:00:04.298] INFO  BOOT: Free PSRAM: 7794 KB
[+000:00:04.314] INFO  BOOT: CPU freq: 240 MHz
[+000:00:04.331] INFO  BOOT: ====================================================
[03-20 08:12:12] INFO  SCREEN: Screen dimmed (eco mode)
[03-20 08:13:20] INFO  SCREEN: Screen active
